<?xml version="1.0" encoding="UTF-8"?>
<!-- Generated by org.testng.reporters.JUnitXMLReporter -->
<testsuite ignored="1" hostname="rajasekar" failures="1" tests="3" name="Test" time="42.094" errors="0" timestamp="2021-06-10T04:18:15 IST">
  <testcase classname="settings_auto.Settingspak" name="longPress" time="7.92"/>
  <testcase classname="settings_auto.Settingspak" name="scrollDown" time="6.279"/>
  <testcase classname="settings_auto.Settingspak" name="test" time="0.005">
    <failure type="java.lang.ArithmeticException" message="/ by zero">
      <![CDATA[java.lang.ArithmeticException: / by zero
at settings_auto.Settingspak.test(Settingspak.java:85)
at java.base/java.util.ArrayList.forEach(ArrayList.java:1511)
... Removed 27 stack frames]]>
    </failure>
  </testcase> <!-- test -->
  <testcase classname="settings_auto.Settingspak" name="scrollUp" time="0.0">
    <ignored/>
  </testcase> <!-- scrollUp -->
</testsuite> <!-- Test -->
